{
  "RSpec": {
    "coverage": {
      "/mnt/f/Program Files/jobs/yabb/part2/be/day11/increment.rb": {
        "lines": [
          1,
          1,
          8,
          8,
          26,
          18,
          18,
          13,
          13,
          3,
          null,
          null,
          5,
          null,
          18,
          null,
          null,
          null,
          null,
          null,
          null,
          null,
          null,
          null,
          null,
          null,
          null,
          null,
          null,
          null,
          null,
          null,
          null,
          null,
          null,
          null,
          null,
          null,
          null,
          null,
          null,
          null,
          null,
          null,
          null,
          null,
          null,
          null,
          null,
          null,
          null,
          null,
          8,
          null,
          null
        ]
      }
    },
    "timestamp": 1628152936
  }
}
